<?xml version="1.0" encoding="UTF-8"?>
<!-- Generated by org.testng.reporters.JUnitXMLReporter -->
<testsuite hostname="Satishs-iMac.local" ignored="9" name="Test" tests="4" failures="0" timestamp="02 May 2019 11:09:36 GMT" time="58.403" errors="0">
  <testcase name="tc006_signIN" time="8.294" classname="com.qa.tiatros.signIn.testcase.TC006"/>
  <testcase name="tc005_signIN" time="7.157" classname="com.qa.tiatros.signIn.testcase.TC005"/>
  <testcase name="tc004_signIN" time="7.459" classname="com.qa.tiatros.signIn.testcase.TC004"/>
  <testcase name="tc003_signIN" time="8.735" classname="com.qa.tiatros.signIn.testcase.TC003"/>
  <testcase name="clickonsession2" time="0.0" classname="com.qa.tiatros.course.testcase.TC001">
    <ignored/>
  </testcase> <!-- clickonsession2 -->
  <testcase name="tc007_signIN" time="0.0" classname="com.qa.tiatros.signIn.testcase.TC007">
    <ignored/>
  </testcase> <!-- tc007_signIN -->
  <testcase name="clickonsession1" time="0.0" classname="com.qa.tiatros.course.testcase.TC001">
    <ignored/>
  </testcase> <!-- clickonsession1 -->
  <testcase name="tc009_signIN" time="0.0" classname="com.qa.tiatros.signIn.testcase.TC009">
    <ignored/>
  </testcase> <!-- tc009_signIN -->
  <testcase name="tc011_signIN" time="0.0" classname="com.qa.tiatros.signIn.testcase.TC011">
    <ignored/>
  </testcase> <!-- tc011_signIN -->
  <testcase name="tc010_signIN" time="0.0" classname="com.qa.tiatros.signIn.testcase.TC010">
    <ignored/>
  </testcase> <!-- tc010_signIN -->
  <testcase name="tc012_signIN" time="0.0" classname="com.qa.tiatros.signIn.testcase.TC012">
    <ignored/>
  </testcase> <!-- tc012_signIN -->
  <testcase name="tc008_signIN" time="0.0" classname="com.qa.tiatros.signIn.testcase.TC008">
    <ignored/>
  </testcase> <!-- tc008_signIN -->
  <testcase name="tc002_signIN" time="0.0" classname="com.qa.tiatros.signIn.testcase.TC002">
    <ignored/>
  </testcase> <!-- tc002_signIN -->
</testsuite> <!-- Test -->
