<?xml version="1.0" encoding="UTF-8"?>
<testng-results skipped="0" failed="0" ignored="0" total="1" passed="1">
  <reporter-output>
  </reporter-output>
  <suite name="Default suite" duration-ms="31070" started-at="2019-06-27T12:45:32Z" finished-at="2019-06-27T12:46:03Z">
    <groups>
    </groups>
    <test name="Default test" duration-ms="31070" started-at="2019-06-27T12:45:32Z" finished-at="2019-06-27T12:46:03Z">
      <class name="com.qa.tiatros.messaging.testcase.TC015">
        <test-method status="PASS" signature="initobjects()[pri:0, instance:com.qa.tiatros.messaging.testcase.TC015@56ac3a89]" name="initobjects" is-config="true" duration-ms="7797" started-at="2019-06-27T12:45:32Z" finished-at="2019-06-27T12:45:39Z">
          <reporter-output>
          </reporter-output>
        </test-method> <!-- initobjects -->
        <test-method status="PASS" signature="fetchMyProgressResults()[pri:0, instance:com.qa.tiatros.messaging.testcase.TC015@56ac3a89]" name="fetchMyProgressResults" duration-ms="22565" started-at="2019-06-27T12:45:39Z" finished-at="2019-06-27T12:46:02Z">
          <reporter-output>
          </reporter-output>
        </test-method> <!-- fetchMyProgressResults -->
        <test-method status="PASS" signature="tearDown()[pri:0, instance:com.qa.tiatros.messaging.testcase.TC015@56ac3a89]" name="tearDown" is-config="true" duration-ms="680" started-at="2019-06-27T12:46:02Z" finished-at="2019-06-27T12:46:03Z">
          <reporter-output>
          </reporter-output>
        </test-method> <!-- tearDown -->
      </class> <!-- com.qa.tiatros.messaging.testcase.TC015 -->
    </test> <!-- Default test -->
  </suite> <!-- Default suite -->
</testng-results>
